2024-03-07T11:06:38.408+05:30  INFO 11960 --- [main] com.example.demo.Application             : Starting Application using Java 17.0.10 with PID 11960 (C:\Users\hi\Spring Workspace\10-Logging\target\classes started by hi in C:\Users\hi\Spring Workspace\10-Logging)
2024-03-07T11:06:38.413+05:30  INFO 11960 --- [main] com.example.demo.Application             : No active profile set, falling back to 1 default profile: "default"
2024-03-07T11:06:40.359+05:30  INFO 11960 --- [main] o.s.b.w.embedded.tomcat.TomcatWebServer  : Tomcat initialized with port 8081 (http)
2024-03-07T11:06:40.387+05:30  INFO 11960 --- [main] o.apache.catalina.core.StandardService   : Starting service [Tomcat]
2024-03-07T11:06:40.387+05:30  INFO 11960 --- [main] o.apache.catalina.core.StandardEngine    : Starting Servlet engine: [Apache Tomcat/10.1.19]
2024-03-07T11:06:40.493+05:30  INFO 11960 --- [main] o.a.c.c.C.[Tomcat].[localhost].[/]       : Initializing Spring embedded WebApplicationContext
2024-03-07T11:06:40.493+05:30  INFO 11960 --- [main] w.s.c.ServletWebServerApplicationContext : Root WebApplicationContext: initialization completed in 1993 ms
2024-03-07T11:06:41.246+05:30  WARN 11960 --- [main] ConfigServletWebServerApplicationContext : Exception encountered during context initialization - cancelling refresh attempt: org.springframework.context.ApplicationContextException: Failed to start bean 'webServerStartStop'
2024-03-07T11:06:41.285+05:30  INFO 11960 --- [main] .s.b.a.l.ConditionEvaluationReportLogger : 

Error starting ApplicationContext. To display the condition evaluation report re-run your application with 'debug' enabled.
2024-03-07T11:06:41.327+05:30 ERROR 11960 --- [main] o.s.b.d.LoggingFailureAnalysisReporter   : 

***************************
APPLICATION FAILED TO START
***************************

Description:

Web server failed to start. Port 8081 was already in use.

Action:

Identify and stop the process that's listening on port 8081 or configure this application to listen on another port.

2024-03-07T11:07:25.116+05:30  INFO 17520 --- [main] com.example.demo.Application             : Starting Application using Java 17.0.10 with PID 17520 (C:\Users\hi\Spring Workspace\10-Logging\target\classes started by hi in C:\Users\hi\Spring Workspace\10-Logging)
2024-03-07T11:07:25.121+05:30  INFO 17520 --- [main] com.example.demo.Application             : No active profile set, falling back to 1 default profile: "default"
2024-03-07T11:07:26.783+05:30  INFO 17520 --- [main] o.s.b.w.embedded.tomcat.TomcatWebServer  : Tomcat initialized with port 8181 (http)
2024-03-07T11:07:26.812+05:30  INFO 17520 --- [main] o.apache.catalina.core.StandardService   : Starting service [Tomcat]
2024-03-07T11:07:26.813+05:30  INFO 17520 --- [main] o.apache.catalina.core.StandardEngine    : Starting Servlet engine: [Apache Tomcat/10.1.19]
2024-03-07T11:07:26.916+05:30  INFO 17520 --- [main] o.a.c.c.C.[Tomcat].[localhost].[/]       : Initializing Spring embedded WebApplicationContext
2024-03-07T11:07:26.916+05:30  INFO 17520 --- [main] w.s.c.ServletWebServerApplicationContext : Root WebApplicationContext: initialization completed in 1694 ms
2024-03-07T11:07:27.487+05:30  INFO 17520 --- [main] o.s.b.w.embedded.tomcat.TomcatWebServer  : Tomcat started on port 8181 (http) with context path ''
2024-03-07T11:07:27.504+05:30  INFO 17520 --- [main] com.example.demo.Application             : Started Application in 3.453 seconds (process running for 4.724)
2024-03-07T11:07:50.040+05:30  INFO 17520 --- [http-nio-8181-exec-1] o.a.c.c.C.[Tomcat].[localhost].[/]       : Initializing Spring DispatcherServlet 'dispatcherServlet'
2024-03-07T11:07:50.040+05:30  INFO 17520 --- [http-nio-8181-exec-1] o.s.web.servlet.DispatcherServlet        : Initializing Servlet 'dispatcherServlet'
2024-03-07T11:07:50.048+05:30  INFO 17520 --- [http-nio-8181-exec-1] o.s.web.servlet.DispatcherServlet        : Completed initialization in 8 ms
2024-03-07T11:07:50.105+05:30  INFO 17520 --- [http-nio-8181-exec-1] com.example.demo.MsgServie               : welcome msg---started
2024-03-07T11:07:50.105+05:30  INFO 17520 --- [http-nio-8181-exec-1] com.example.demo.MsgServie               : welcome msg ended
2024-03-07T11:07:52.575+05:30  INFO 17520 --- [http-nio-8181-exec-3] com.example.demo.MsgServie               : welcome msg---started
2024-03-07T11:07:52.577+05:30  INFO 17520 --- [http-nio-8181-exec-3] com.example.demo.MsgServie               : welcome msg ended
2024-03-07T11:08:42.734+05:30  INFO 17520 --- [RMI TCP Connection(5)-127.0.0.1] inMXBeanRegistrar$SpringApplicationAdmin : Application shutdown requested.
